TN:
SF:src/config.js
FNF:0
FNH:0
DA:1,1
DA:2,1
DA:3,1
DA:4,1
DA:5,1
DA:6,1
DA:7,1
DA:8,1
DA:9,1
DA:10,1
DA:11,1
DA:12,1
DA:13,1
DA:14,1
DA:15,1
DA:16,1
DA:17,1
DA:18,1
LF:18
LH:18
BRDA:1,0,0,1
BRF:1
BRH:1
end_of_record
TN:
SF:src/Error/ValidationError.js
FN:4,ValidationError
FNF:1
FNH:1
FNDA:1,ValidationError
DA:1,1
DA:2,1
DA:3,1
DA:4,1
DA:5,1
DA:6,1
DA:7,1
DA:8,1
LF:8
LH:8
BRDA:1,0,0,1
BRDA:4,1,0,1
BRF:2
BRH:2
end_of_record
TN:
SF:src/Http/Request.js
FN:5,<instance_members_initializer>
FN:12,<static_initializer>
FN:14,init
FN:24,rules
FN:28,messages
FN:32,validate
FN:46,validated
FN:58,safe
FN:62,except
FN:71,only
FNF:10
FNH:6
FNDA:2,<instance_members_initializer>
FNDA:1,<static_initializer>
FNDA:2,init
FNDA:0,rules
FNDA:2,messages
FNDA:2,validate
FNDA:1,validated
FNDA:0,safe
FNDA:0,except
FNDA:0,only
DA:1,1
DA:2,1
DA:3,1
DA:4,1
DA:5,1
DA:6,2
DA:7,2
DA:8,2
DA:9,2
DA:10,2
DA:11,2
DA:12,2
DA:13,2
DA:14,2
DA:15,2
DA:16,2
DA:17,2
DA:18,2
DA:19,2
DA:20,1
DA:21,1
DA:22,2
DA:23,2
DA:24,2
DA:25,0
DA:26,0
DA:27,2
DA:28,2
DA:29,2
DA:30,2
DA:31,2
DA:32,2
DA:33,2
DA:34,2
DA:35,2
DA:36,2
DA:37,2
DA:38,1
DA:39,1
DA:40,1
DA:41,1
DA:42,1
DA:43,1
DA:44,2
DA:45,2
DA:46,2
DA:47,1
DA:48,0
DA:49,0
DA:50,1
DA:51,1
DA:52,1
DA:53,1
DA:54,0
DA:55,0
DA:56,1
DA:57,2
DA:58,2
DA:59,0
DA:60,0
DA:61,2
DA:62,2
DA:63,0
DA:64,0
DA:65,0
DA:66,0
DA:67,0
DA:68,0
DA:69,0
DA:70,2
DA:71,2
DA:72,0
DA:73,0
DA:74,2
LF:74
LH:57
BRDA:1,0,0,1
BRDA:5,1,0,2
BRDA:12,2,0,1
BRDA:14,3,0,2
BRDA:20,4,0,1
BRDA:28,5,0,2
BRDA:32,6,0,2
BRDA:37,7,0,1
BRDA:46,8,0,1
BRDA:47,9,0,0
BRDA:54,10,0,0
BRF:11
BRH:9
end_of_record
